{
  "RSpec": {
    "coverage": {
      "/Users/sauloaguiar/rails-projects/grab-your-pack-server/lib/api_constraints.rb": [
        1,
        1,
        1,
        null,
        null,
        null
      ],
      "/Users/sauloaguiar/rails-projects/grab-your-pack-server/app/helpers/apartments_helper.rb": [
        1,
        null
      ],
      "/Users/sauloaguiar/rails-projects/grab-your-pack-server/app/helpers/application_helper.rb": [
        1,
        null
      ],
      "/Users/sauloaguiar/rails-projects/grab-your-pack-server/app/helpers/buildings_helper.rb": [
        1,
        null
      ],
      "/Users/sauloaguiar/rails-projects/grab-your-pack-server/app/helpers/notifications_helper.rb": [
        1,
        null
      ],
      "/Users/sauloaguiar/rails-projects/grab-your-pack-server/app/helpers/users_helper.rb": [
        1,
        null
      ],
      "/Users/sauloaguiar/rails-projects/grab-your-pack-server/app/controllers/api/apartments_controller.rb": [
        1,
        null,
        1,
        2,
        2,
        null,
        null,
        1,
        3,
        3,
        1,
        null,
        2,
        null,
        null,
        null,
        1,
        3,
        3,
        1,
        null,
        2,
        null,
        null,
        null,
        1,
        1,
        1,
        null,
        null,
        1,
        1,
        2,
        null,
        null,
        null,
        1,
        1,
        6,
        null,
        null
      ],
      "/Users/sauloaguiar/rails-projects/grab-your-pack-server/app/controllers/application_controller.rb": [
        1,
        1,
        null,
        null,
        1,
        null,
        1,
        null,
        1,
        null,
        1,
        29,
        null,
        null,
        1,
        0,
        0,
        null,
        null,
        1,
        29,
        29,
        null,
        null
      ],
      "/Users/sauloaguiar/rails-projects/grab-your-pack-server/lib/authenticate.rb": [
        null,
        null,
        1,
        null,
        null,
        1,
        32,
        32,
        32,
        null,
        null,
        null
      ],
      "/Users/sauloaguiar/rails-projects/grab-your-pack-server/app/controllers/api/buildings_controller.rb": [
        1,
        null,
        1,
        4,
        4,
        2,
        null,
        2,
        null,
        null,
        null,
        1,
        3,
        3,
        1,
        null,
        2,
        null,
        null,
        null,
        1,
        1,
        1,
        null,
        null,
        1,
        1,
        2,
        null,
        null,
        null,
        1,
        2,
        null,
        null,
        null,
        null,
        null,
        null,
        2,
        1,
        null,
        1,
        null,
        null,
        null,
        1,
        1,
        7,
        null,
        null
      ],
      "/Users/sauloaguiar/rails-projects/grab-your-pack-server/app/controllers/api/notifications_controller.rb": [
        1,
        1,
        0,
        0,
        0,
        0,
        null,
        0,
        null,
        null,
        null,
        1,
        0,
        0,
        0,
        null,
        0,
        null,
        null,
        null,
        1,
        1,
        0,
        null,
        null,
        1,
        0,
        null,
        null
      ],
      "/Users/sauloaguiar/rails-projects/grab-your-pack-server/app/controllers/api/users_controller.rb": [
        1,
        null,
        1,
        0,
        0,
        0,
        null,
        0,
        null,
        null,
        null,
        1,
        3,
        3,
        1,
        null,
        2,
        null,
        null,
        null,
        1,
        3,
        3,
        1,
        null,
        2,
        null,
        null,
        null,
        1,
        1,
        1,
        null,
        1,
        null,
        null,
        1,
        null,
        1,
        2,
        null,
        null,
        null,
        1,
        1,
        6,
        null,
        null
      ],
      "/Users/sauloaguiar/rails-projects/grab-your-pack-server/app/models/apartment.rb": [
        1,
        1,
        1,
        null,
        1,
        null,
        1,
        null,
        1,
        null,
        null
      ],
      "/Users/sauloaguiar/rails-projects/grab-your-pack-server/app/models/api_key.rb": [
        1,
        1,
        null,
        1,
        1,
        null,
        30,
        30,
        null,
        null
      ],
      "/Users/sauloaguiar/rails-projects/grab-your-pack-server/app/models/building.rb": [
        1,
        1,
        1,
        1,
        null,
        null,
        null
      ],
      "/Users/sauloaguiar/rails-projects/grab-your-pack-server/app/models/notification.rb": [
        1,
        1,
        1,
        null,
        1,
        null
      ],
      "/Users/sauloaguiar/rails-projects/grab-your-pack-server/app/models/person.rb": [
        1,
        1,
        1,
        null,
        1,
        1,
        null,
        1,
        null,
        1,
        null,
        1,
        null,
        1,
        1,
        null,
        null,
        null
      ],
      "/Users/sauloaguiar/rails-projects/grab-your-pack-server/app/serializers/apartment_serializer.rb": [
        1,
        1,
        1,
        null,
        null,
        null,
        null
      ],
      "/Users/sauloaguiar/rails-projects/grab-your-pack-server/app/serializers/building_serializer.rb": [
        1,
        1,
        1,
        null
      ],
      "/Users/sauloaguiar/rails-projects/grab-your-pack-server/app/forms/building_apartment_form.rb": [
        1,
        1,
        1,
        null,
        1,
        1,
        1,
        1,
        1,
        1,
        null,
        1,
        null,
        1,
        1,
        null,
        1,
        null,
        1,
        4,
        2,
        2,
        null,
        2,
        null,
        null,
        null,
        1,
        2,
        2,
        null,
        null
      ],
      "/Users/sauloaguiar/rails-projects/grab-your-pack-server/app/serializers/person_serializer.rb": [
        1,
        1,
        1,
        null,
        1,
        null,
        null,
        1,
        null,
        null,
        null,
        3,
        null,
        null
      ],
      "/Users/sauloaguiar/rails-projects/grab-your-pack-server/app/models/occupant.rb": [
        1,
        1,
        1,
        null
      ],
      "/Users/sauloaguiar/rails-projects/grab-your-pack-server/app/models/apartment_notification.rb": [
        0,
        0,
        0,
        0
      ]
    },
    "timestamp": 1450393482
  }
}
